2025-08-25 01:48:34,774 - INFO - 总计: 268 篇论文
2025-08-25 01:48:34,774 - INFO - 已完成: 0 篇
2025-08-25 01:48:34,774 - INFO - 待处理: 268 篇
2025-08-25 01:48:34,774 - INFO - 结果保存到: nips2024_papers.jsonl
2025-08-25 01:48:37,332 - INFO - 已提交任务 01I55gys19: e82939b6-b214-46f6-b719-0dd5596030e8
2025-08-25 01:48:59,150 - INFO - 成功处理 01I55gys19: 48251 字符
2025-08-25 01:49:01,523 - INFO - 已提交任务 08nbMTxazb: da5a1144-6c47-4789-8968-95b7017e58b8
2025-08-25 01:49:08,345 - INFO - 成功处理 08nbMTxazb: 60777 字符
2025-08-25 01:49:10,892 - INFO - 已提交任务 08oUnmtj8Q: e299a673-1baa-4ae0-aa33-08242cca469a
2025-08-25 01:49:34,619 - INFO - 成功处理 08oUnmtj8Q: 133186 字符
2025-08-25 01:49:37,073 - INFO - 已提交任务 0SMhqvgHST: 12715665-3e39-4ee9-b7bd-78d79f3b417c
2025-08-25 01:51:43,557 - INFO - 成功处理 0SMhqvgHST: 122538 字符
2025-08-25 01:51:46,377 - INFO - 已提交任务 1CssOqRYyz: e240321c-20aa-405f-9bb1-90aaa513a4d2
2025-08-25 01:52:03,224 - WARNING - 状态查询异常 1CssOqRYyz: HTTPSConnectionPool(host='mineru.net', port=443): Max retries exceeded with url: /api/v4/extract/task/e240321c-20aa-405f-9bb1-90aaa513a4d2 (Caused by SSLError(SSLEOFError(8, '[SSL: UNEXPECTED_EOF_WHILE_READING] EOF occurred in violation of protocol (_ssl.c:1007)')))
2025-08-25 01:52:41,410 - INFO - 成功处理 1CssOqRYyz: 62465 字符
2025-08-25 01:52:43,971 - INFO - 已提交任务 1MQXBnEbE8: 6c6e7cf5-0cf9-4a6b-adec-bc5662b1fddf
2025-08-25 01:54:28,830 - INFO - 成功处理 1MQXBnEbE8: 106257 字符
2025-08-25 01:54:33,536 - INFO - 已提交任务 1URMG6B3WW: 246501bd-e830-4171-88e1-845372e71dee
2025-08-25 01:55:28,387 - INFO - 成功处理 1URMG6B3WW: 83681 字符
2025-08-25 01:55:30,614 - INFO - 已提交任务 2BOb4SvDFr: df8ee31a-69c4-4f46-874b-cf70e2aeb4a4
2025-08-25 01:56:24,593 - INFO - 成功处理 2BOb4SvDFr: 53042 字符
2025-08-25 01:56:27,957 - INFO - 已提交任务 2Bef9YxSJc: 634a522d-85d9-4e3a-9590-7854d234aa95
2025-08-25 01:57:57,322 - INFO - 成功处理 2Bef9YxSJc: 113673 字符
2025-08-25 01:58:00,142 - INFO - 已提交任务 2HzZIDo48o: dc82f23a-08a3-40a8-83f2-646f4c6cdcd5
2025-08-25 01:59:12,357 - INFO - 成功处理 2HzZIDo48o: 84139 字符
2025-08-25 01:59:15,231 - INFO - 已提交任务 2Net0eEj9d: 90bc1b98-fcd2-4cc6-b084-6d5f3dcf6b26
2025-08-25 02:00:26,972 - INFO - 成功处理 2Net0eEj9d: 114711 字符
2025-08-25 02:00:30,221 - INFO - 已提交任务 2vhkjOdlc8: ca3e656f-ec51-45f9-a082-619d971d56fb
2025-08-25 02:02:09,448 - INFO - 成功处理 2vhkjOdlc8: 126443 字符
2025-08-25 02:02:12,202 - INFO - 已提交任务 34dHGTri2w: b1b2ae2b-aa27-44ce-bf53-0e2d4e34db7a
2025-08-25 02:02:20,510 - WARNING - 状态查询异常 34dHGTri2w: HTTPSConnectionPool(host='mineru.net', port=443): Max retries exceeded with url: /api/v4/extract/task/b1b2ae2b-aa27-44ce-bf53-0e2d4e34db7a (Caused by SSLError(SSLEOFError(8, '[SSL: UNEXPECTED_EOF_WHILE_READING] EOF occurred in violation of protocol (_ssl.c:1007)')))
2025-08-25 02:03:14,993 - INFO - 成功处理 34dHGTri2w: 67584 字符
2025-08-25 02:03:18,288 - INFO - 已提交任务 36ehx1GHD0: 3fdd9e0c-1e23-40ce-a04e-fd99d88f1253
2025-08-25 02:04:13,384 - INFO - 成功处理 36ehx1GHD0: 48402 字符
2025-08-25 02:04:16,866 - INFO - 已提交任务 3A84lx1JFh: c270bcb5-4f51-43b5-8479-0ad44bf988a0
2025-08-25 02:05:15,535 - INFO - 成功处理 3A84lx1JFh: 43088 字符
2025-08-25 02:05:18,454 - INFO - 已提交任务 3Rtn1OMTC4: e0acf192-79d6-4cc3-b5ed-210b272a1112
2025-08-25 02:06:30,628 - INFO - 成功处理 3Rtn1OMTC4: 100744 字符
2025-08-25 02:06:33,417 - INFO - 已提交任务 3gZBGBglBf: 13d6b00d-5e61-41aa-81cc-b5e1647158b5
2025-08-25 02:07:45,974 - INFO - 成功处理 3gZBGBglBf: 90777 字符
2025-08-25 02:07:48,207 - INFO - 已提交任务 3mzFmBPFIX: 140c2904-3214-46be-b821-429f5268c2f5
2025-08-25 02:07:56,373 - WARNING - 状态查询异常 3mzFmBPFIX: HTTPSConnectionPool(host='mineru.net', port=443): Max retries exceeded with url: /api/v4/extract/task/140c2904-3214-46be-b821-429f5268c2f5 (Caused by SSLError(SSLEOFError(8, '[SSL: UNEXPECTED_EOF_WHILE_READING] EOF occurred in violation of protocol (_ssl.c:1007)')))
2025-08-25 02:08:26,916 - WARNING - 状态查询异常 3mzFmBPFIX: HTTPSConnectionPool(host='mineru.net', port=443): Max retries exceeded with url: /api/v4/extract/task/140c2904-3214-46be-b821-429f5268c2f5 (Caused by SSLError(SSLEOFError(8, '[SSL: UNEXPECTED_EOF_WHILE_READING] EOF occurred in violation of protocol (_ssl.c:1007)')))
2025-08-25 02:09:38,798 - INFO - 成功处理 3mzFmBPFIX: 136553 字符
2025-08-25 02:09:41,609 - INFO - 已提交任务 3qa4YLkcEw: 5f14b96f-6aa7-4045-aecb-87f2cc524b2e
2025-08-25 02:11:10,477 - INFO - 成功处理 3qa4YLkcEw: 115706 字符
2025-08-25 02:11:13,019 - INFO - 已提交任务 3sWghzJvGd: fdc473ca-1330-407a-9e7e-3b1497d056f9
2025-08-25 02:12:58,949 - INFO - 成功处理 3sWghzJvGd: 158972 字符
2025-08-25 02:13:01,598 - INFO - 已提交任务 3zYmlmkIuK: 2194230d-4073-4975-9460-5b5c3fdf814e
2025-08-25 02:15:02,625 - INFO - 成功处理 3zYmlmkIuK: 173207 字符
2025-08-25 02:15:05,359 - INFO - 已提交任务 476zUsqFZB: 76a70167-ba1b-4ca9-bd11-e6641a542fb9
2025-08-25 02:16:00,327 - INFO - 成功处理 476zUsqFZB: 57247 字符
2025-08-25 02:16:02,489 - INFO - 已提交任务 47CdPNiWUB: aee82b97-c6ce-4d4c-9572-d41d9dd967f3
2025-08-25 02:17:13,248 - INFO - 成功处理 47CdPNiWUB: 80055 字符
2025-08-25 02:17:15,885 - INFO - 已提交任务 4FwlejUlg5: 3be30fc0-6ce5-410f-9338-e59f816f6db7
2025-08-25 02:18:44,154 - INFO - 成功处理 4FwlejUlg5: 98864 字符
2025-08-25 02:18:46,986 - INFO - 已提交任务 4RTxKGUUgc: decb750c-1fc1-44c7-a051-03e682e78196
2025-08-25 02:19:59,024 - INFO - 成功处理 4RTxKGUUgc: 65147 字符
2025-08-25 02:20:01,664 - INFO - 已提交任务 4dmwvbs4Ea: c7bc7572-4cf3-40a1-9c6e-35582cb8c719
2025-08-25 02:20:59,484 - WARNING - 状态查询异常 4dmwvbs4Ea: HTTPSConnectionPool(host='mineru.net', port=443): Max retries exceeded with url: /api/v4/extract/task/c7bc7572-4cf3-40a1-9c6e-35582cb8c719 (Caused by SSLError(SSLEOFError(8, '[SSL: UNEXPECTED_EOF_WHILE_READING] EOF occurred in violation of protocol (_ssl.c:1007)')))
2025-08-25 02:21:52,791 - INFO - 成功处理 4dmwvbs4Ea: 155643 字符
2025-08-25 02:21:55,477 - INFO - 已提交任务 4kCr61XYQJ: 2d305c00-d17c-489a-b566-cb1277a80314
2025-08-25 02:23:07,643 - INFO - 成功处理 4kCr61XYQJ: 113443 字符
2025-08-25 02:23:09,803 - INFO - 已提交任务 5ClpGA0u9K: 6c30300f-1d02-4f7b-ba40-f4b2f52db15d
2025-08-25 02:23:25,549 - WARNING - 状态查询异常 5ClpGA0u9K: HTTPSConnectionPool(host='mineru.net', port=443): Max retries exceeded with url: /api/v4/extract/task/6c30300f-1d02-4f7b-ba40-f4b2f52db15d (Caused by SSLError(SSLEOFError(8, '[SSL: UNEXPECTED_EOF_WHILE_READING] EOF occurred in violation of protocol (_ssl.c:1007)')))
2025-08-25 02:24:18,789 - INFO - 成功处理 5ClpGA0u9K: 117845 字符
2025-08-25 02:24:21,539 - INFO - 已提交任务 5DuSIW6XQo: 15bd67a5-af3c-4d31-a87a-2920748e81eb
2025-08-25 02:25:18,163 - INFO - 成功处理 5DuSIW6XQo: 60503 字符
2025-08-25 02:25:20,935 - INFO - 已提交任务 5KEb1mqZRl: 46f6558a-039c-4110-aa3c-940ed5c0fae3
2025-08-25 02:26:32,213 - INFO - 成功处理 5KEb1mqZRl: 84994 字符
2025-08-25 02:26:35,281 - INFO - 已提交任务 5WFzk0H27p: ad1f33d6-4300-41a0-92a4-2ab3a44c20f7
2025-08-25 02:27:49,816 - INFO - 成功处理 5WFzk0H27p: 67503 字符
2025-08-25 02:27:52,456 - INFO - 已提交任务 5p57uCUH8k: a2f61ae1-1831-4ad6-8f42-ba9c71341342
2025-08-25 02:29:24,435 - INFO - 成功处理 5p57uCUH8k: 96365 字符
2025-08-25 02:29:27,206 - INFO - 已提交任务 5tOVh81aze: 80c3b68b-c81f-44fa-a569-1fc56a9fabe7
2025-08-25 02:31:29,211 - INFO - 成功处理 5tOVh81aze: 147572 字符
2025-08-25 02:31:32,713 - INFO - 已提交任务 67N3FWoDtU: aea32ca8-6237-41a5-aabc-3ed472024f41
2025-08-25 02:32:51,610 - INFO - 成功处理 67N3FWoDtU: 70148 字符
2025-08-25 02:32:54,187 - INFO - 已提交任务 6Wm4202Wvc: 8c61327e-efd9-4218-a940-35f20ab459b2
2025-08-25 02:34:04,958 - INFO - 成功处理 6Wm4202Wvc: 80010 字符
2025-08-25 02:34:07,875 - INFO - 已提交任务 6qJKrOulTr: 76c8dd56-f471-499c-9bb6-03b2cfe632fd
2025-08-25 02:35:19,267 - INFO - 成功处理 6qJKrOulTr: 68847 字符
2025-08-25 02:35:21,973 - INFO - 已提交任务 7Su7gAei1l: 683162c9-12e4-432b-b583-49cfcf7a7856
2025-08-25 02:36:49,596 - INFO - 成功处理 7Su7gAei1l: 110210 字符
2025-08-25 02:36:51,623 - INFO - 已提交任务 7VNvM9SnRE: 7540f68d-042e-40a1-9f06-ade54b1ac49a
2025-08-25 02:38:22,738 - INFO - 成功处理 7VNvM9SnRE: 119120 字符
2025-08-25 02:38:25,354 - INFO - 已提交任务 7g8WSOHJtP: d04698d6-13b7-4138-babd-f0054de2637f
2025-08-25 02:40:10,126 - INFO - 成功处理 7g8WSOHJtP: 145271 字符
2025-08-25 02:40:13,161 - INFO - 已提交任务 7nbAots3f8: d484bb95-5523-4efc-a6ab-78288cc4a988
2025-08-25 02:41:29,162 - INFO - 成功处理 7nbAots3f8: 65615 字符
2025-08-25 02:41:31,944 - INFO - 已提交任务 7ug4oSmN7l: 575cf55f-7c02-4e31-ae0f-4c23d88bfccd
2025-08-25 02:42:44,163 - INFO - 成功处理 7ug4oSmN7l: 73706 字符
2025-08-25 02:42:46,931 - INFO - 已提交任务 7yqjVgWWxx: 36969641-e8c9-4281-9b94-76414be9fc30
2025-08-25 02:44:31,567 - INFO - 成功处理 7yqjVgWWxx: 137234 字符
2025-08-25 02:44:34,255 - INFO - 已提交任务 8Hy3KMZTL5: 21fe9e2b-bb9c-4885-90b0-b807714217fa
2025-08-25 02:45:46,820 - INFO - 成功处理 8Hy3KMZTL5: 84484 字符
2025-08-25 02:45:49,059 - INFO - 已提交任务 8JmUmTgKiY: a3b40ca7-af40-4832-8020-3cffc6b77002
2025-08-25 02:47:18,145 - INFO - 成功处理 8JmUmTgKiY: 90904 字符
2025-08-25 02:47:21,126 - INFO - 已提交任务 8bExkmfLCr: 25921b13-54b0-4be2-94ae-7e8f5fd679c3
2025-08-25 02:49:40,636 - INFO - 成功处理 8bExkmfLCr: 267619 字符
2025-08-25 02:49:43,406 - INFO - 已提交任务 8v0RSyfj6l: c404a834-bacc-4694-90e6-27f2ee78493c
2025-08-25 02:50:56,070 - INFO - 成功处理 8v0RSyfj6l: 58503 字符
2025-08-25 02:50:58,060 - INFO - 已提交任务 93qSRpucpN: fcfabd8b-a018-45c2-9bae-66e4664ade5d
2025-08-25 02:52:09,690 - INFO - 成功处理 93qSRpucpN: 85756 字符
2025-08-25 02:52:12,020 - INFO - 已提交任务 AAN46kUPXM: b618f966-a47d-48f2-81c8-5d1c251f1d5a
2025-08-25 02:53:46,578 - INFO - 成功处理 AAN46kUPXM: 106472 字符
2025-08-25 02:53:49,275 - INFO - 已提交任务 AM1znjeo9l: ce42f8e7-ced9-4952-8f3a-0a1ab007226a
2025-08-25 02:55:17,815 - INFO - 成功处理 AM1znjeo9l: 131113 字符
2025-08-25 02:55:20,607 - INFO - 已提交任务 AO5MjDuHpr: 4cd1ef74-e807-4fdd-bc43-b7729f915833
2025-08-25 02:56:33,904 - INFO - 成功处理 AO5MjDuHpr: 88269 字符
2025-08-25 02:56:36,751 - INFO - 已提交任务 ASA2jdKtf3: ef2f4683-7191-4cca-a4db-2282a58af9d8
2025-08-25 02:58:04,012 - INFO - 成功处理 ASA2jdKtf3: 92087 字符
2025-08-25 02:58:07,649 - INFO - 已提交任务 AZuONuYzKl: 98d4b3fc-1edb-4e15-93be-0d4216579d47
2025-08-25 03:00:12,084 - INFO - 成功处理 AZuONuYzKl: 91901 字符
2025-08-25 03:00:14,670 - INFO - 已提交任务 AthZ2g6VE2: 42b420a7-3ae2-41a1-8515-328765c96385
2025-08-25 03:01:59,798 - INFO - 成功处理 AthZ2g6VE2: 101387 字符
2025-08-25 03:02:02,459 - INFO - 已提交任务 B1tCaKP5nB: cbef4cae-ff2b-40b6-9d6c-8608a33e3962
2025-08-25 03:03:47,733 - INFO - 成功处理 B1tCaKP5nB: 127610 字符
2025-08-25 03:03:50,372 - INFO - 已提交任务 B3jt0Ran2t: d402e06c-576f-4261-b65e-753d1818e3a2
2025-08-25 03:05:34,726 - INFO - 成功处理 B3jt0Ran2t: 142685 字符
2025-08-25 03:05:37,647 - INFO - 已提交任务 BQEOJZ0aSD: 783550b6-b9dc-4542-a6fa-d83f625f1dd7
2025-08-25 03:06:55,229 - INFO - 成功处理 BQEOJZ0aSD: 69004 字符
2025-08-25 03:06:58,000 - INFO - 已提交任务 Becrgm5xAq: 22e35756-41b1-4ed5-a82a-ce94d8d062ae
2025-08-25 03:08:09,720 - INFO - 成功处理 Becrgm5xAq: 69017 字符
2025-08-25 03:08:12,798 - INFO - 已提交任务 C3t6GMPnC5: c197cecf-a785-48e7-a40e-780fc5495483
2025-08-25 03:09:23,371 - INFO - 成功处理 C3t6GMPnC5: 88862 字符
2025-08-25 03:09:26,441 - INFO - 已提交任务 CECVgSZbLW: d648af7c-f592-489b-8b39-77fe193993b8
2025-08-25 03:11:12,361 - INFO - 成功处理 CECVgSZbLW: 147422 字符
2025-08-25 03:11:15,103 - INFO - 已提交任务 CGZGY3X8NH: 6859706d-55f6-46b9-996c-b349d68f4de3
2025-08-25 03:12:10,052 - INFO - 成功处理 CGZGY3X8NH: 41694 字符
2025-08-25 03:12:13,042 - INFO - 已提交任务 Cdc90HKs1I: ef499d46-6c0e-47a9-ad52-63fc71b93373
2025-08-25 03:13:50,317 - INFO - 已提交任务 Cth1PyCwZt: 6e0f7c9c-c59f-44ef-bdc7-4cb9b9b10f57
2025-08-25 03:15:39,727 - INFO - 成功处理 Cth1PyCwZt: 127896 字符
2025-08-25 03:15:42,284 - INFO - 已提交任务 D80tRH9CXF: 941785aa-6fb8-4503-87b3-eb1a4c2c8fe0
2025-08-25 03:17:10,443 - INFO - 成功处理 D80tRH9CXF: 89982 字符
2025-08-25 03:17:13,543 - INFO - 已提交任务 DG4k8PJ8qv: 71f6c087-345b-4888-9ca7-8b905662963a
2025-08-25 03:18:07,832 - INFO - 成功处理 DG4k8PJ8qv: 54973 字符
2025-08-25 03:18:10,259 - INFO - 已提交任务 DHVqAQ9DHy: 17602e34-33a1-48fa-9586-264f6d0bed7e
2025-08-25 03:19:22,265 - INFO - 成功处理 DHVqAQ9DHy: 82449 字符
2025-08-25 03:19:24,231 - INFO - 已提交任务 DSVGACQ3sO: ba732fca-5396-47e2-b1c5-a949bba73e5e
2025-08-25 03:20:18,763 - INFO - 成功处理 DSVGACQ3sO: 100391 字符
2025-08-25 03:20:21,748 - INFO - 已提交任务 DsN7tHNo78: 1838769f-334e-4d27-84b3-a530641379bb
2025-08-25 03:21:55,722 - INFO - 成功处理 DsN7tHNo78: 104710 字符
2025-08-25 03:21:58,345 - INFO - 已提交任务 FJIetdSItj: 00986f97-3c56-4c18-8f8c-ba54800a31a2
2025-08-25 03:23:10,358 - INFO - 成功处理 FJIetdSItj: 81504 字符
2025-08-25 03:23:12,826 - INFO - 已提交任务 FjeJB0OUhN: f9e9f399-6094-4035-b5fa-74e0cdb2717d
2025-08-25 03:24:23,892 - INFO - 成功处理 FjeJB0OUhN: 68214 字符
2025-08-25 03:24:26,721 - INFO - 已提交任务 Fm4FkfGTLu: ca608080-4067-4b73-a81d-c2d371abea1b
2025-08-25 03:25:59,905 - INFO - 成功处理 Fm4FkfGTLu: 90177 字符
2025-08-25 03:26:03,175 - INFO - 已提交任务 GP30inajOt: 0b658935-946f-4e4b-884e-ea3ae364ec93
2025-08-25 03:27:34,474 - INFO - 成功处理 GP30inajOt: 82355 字符
2025-08-25 03:27:37,185 - INFO - 已提交任务 GxpkSJjbQR: 84c751aa-c269-474e-9dd4-a0056374975b
2025-08-25 03:28:32,574 - INFO - 成功处理 GxpkSJjbQR: 60052 字符
2025-08-25 03:28:35,533 - INFO - 已提交任务 HYwfZEhyK4: 8f9e3870-1df9-4a8d-a2de-ae30664c781f
2025-08-25 03:30:07,990 - INFO - 成功处理 HYwfZEhyK4: 90857 字符
2025-08-25 03:30:11,200 - INFO - 已提交任务 Hc2ZwCYgmB: 3f676721-4f59-4204-bbb4-e0108d77176d
2025-08-25 03:31:32,005 - INFO - 成功处理 Hc2ZwCYgmB: 63686 字符
2025-08-25 03:31:34,896 - INFO - 已提交任务 I3kIEjoON6: 7aada868-505e-4348-bddb-fac12d4cd08c
2025-08-25 03:32:46,363 - INFO - 成功处理 I3kIEjoON6: 78433 字符
2025-08-25 03:32:48,775 - INFO - 已提交任务 IZtX4RNBeH: cce066e1-eb4d-4454-9bc8-ff491f9d5235
2025-08-25 03:34:04,247 - INFO - 成功处理 IZtX4RNBeH: 56441 字符
2025-08-25 03:34:06,737 - INFO - 已提交任务 IdEaeCbhUW: 7b9f8241-c4d0-49e9-abf8-58c3273f623a
2025-08-25 03:35:18,830 - INFO - 成功处理 IdEaeCbhUW: 74797 字符
2025-08-25 03:35:21,743 - INFO - 已提交任务 IfpNsorodK: 2885342b-fe18-4281-a658-df4aeaf5f6ab
2025-08-25 03:37:10,419 - INFO - 成功处理 IfpNsorodK: 141294 字符
2025-08-25 03:37:12,927 - INFO - 已提交任务 J8m0DEjxEO: ce31c1d7-7db7-4459-a647-b757ee0217ad
2025-08-25 03:38:07,566 - INFO - 成功处理 J8m0DEjxEO: 80518 字符
2025-08-25 03:38:09,690 - INFO - 已提交任务 JVtwC9RzlI: cfec99d1-66b1-4cb5-b596-867cbd4e6663
2025-08-25 03:39:23,183 - INFO - 成功处理 JVtwC9RzlI: 79337 字符
2025-08-25 03:39:26,048 - INFO - 已提交任务 JWF1dN4TOd: 9040fa5c-ba81-4be7-b5f8-14af47e22e99
2025-08-25 03:40:37,726 - INFO - 成功处理 JWF1dN4TOd: 109003 字符
2025-08-25 03:40:40,488 - INFO - 已提交任务 JkqrZqBO7d: d053afe6-648d-4ca6-8c61-2e5860168836
2025-08-25 03:41:35,516 - INFO - 成功处理 JkqrZqBO7d: 52292 字符
2025-08-25 03:41:38,414 - INFO - 已提交任务 KUw2V04z5M: b058592c-f353-4e6a-a770-4f5872803ae7
2025-08-25 03:42:50,136 - INFO - 成功处理 KUw2V04z5M: 60602 字符
2025-08-25 03:42:52,867 - INFO - 已提交任务 Kg0hQIG9Uh: e4128e41-a341-4058-b04a-58219f94acd6
2025-08-25 03:44:06,210 - INFO - 成功处理 Kg0hQIG9Uh: 60731 字符
2025-08-25 03:44:08,188 - INFO - 已提交任务 KgGhxmQFFy: 73b84c34-e521-4196-8961-b07267e44fb5
2025-08-25 03:45:19,235 - INFO - 成功处理 KgGhxmQFFy: 109059 字符
2025-08-25 03:45:24,026 - INFO - 已提交任务 L5aY1mWvXQ: f1df8a8d-e57d-4990-b9ab-f1b6cc979cdf
2025-08-25 03:46:18,592 - INFO - 成功处理 L5aY1mWvXQ: 46337 字符
2025-08-25 03:46:21,405 - INFO - 已提交任务 LDwsvLQTLx: dffc0aca-2a7e-4fd1-9528-18829d14dc84
2025-08-25 03:47:32,676 - INFO - 成功处理 LDwsvLQTLx: 47118 字符
2025-08-25 03:47:35,611 - INFO - 已提交任务 LlcygqLdwO: 5964c03e-d398-4921-ab56-dbd30c079e34
2025-08-25 03:50:33,661 - INFO - 成功处理 LlcygqLdwO: 55222 字符
2025-08-25 03:50:36,169 - INFO - 已提交任务 LnJ2EGKTXh: 06d8ac80-a6a9-4f97-94a8-667df47ec02b
2025-08-25 03:52:03,958 - INFO - 成功处理 LnJ2EGKTXh: 59437 字符
2025-08-25 03:52:05,986 - INFO - 已提交任务 M7SO74I9mo: 17393d6f-26d4-4d0a-8883-94043850d60e
2025-08-25 03:53:11,853 - WARNING - 状态查询异常 M7SO74I9mo: HTTPSConnectionPool(host='mineru.net', port=443): Max retries exceeded with url: /api/v4/extract/task/17393d6f-26d4-4d0a-8883-94043850d60e (Caused by SSLError(SSLEOFError(8, '[SSL: UNEXPECTED_EOF_WHILE_READING] EOF occurred in violation of protocol (_ssl.c:1007)')))
2025-08-25 03:53:50,326 - INFO - 成功处理 M7SO74I9mo: 88851 字符
2025-08-25 03:53:53,086 - INFO - 已提交任务 MICrZCQzoN: 63cd9750-c82e-4117-bf11-91361a9de824
2025-08-25 03:55:13,012 - INFO - 成功处理 MICrZCQzoN: 81511 字符
2025-08-25 03:55:19,276 - INFO - 已提交任务 MbbTN9rPzC: 1ae417ed-4ed7-4a13-8c19-71195b08ce6f
2025-08-25 03:56:51,136 - INFO - 成功处理 MbbTN9rPzC: 74725 字符
2025-08-25 03:56:54,054 - INFO - 已提交任务 Mdd3f8Cui8: 5de97f13-c5eb-4458-9f8c-ec766385d1e7
2025-08-25 03:58:07,566 - INFO - 成功处理 Mdd3f8Cui8: 80035 字符
2025-08-25 03:58:10,228 - INFO - 已提交任务 NC0Bjl4uTf: 149777d7-1be6-4fe2-9419-abd043fa598e
2025-08-25 03:59:38,982 - INFO - 成功处理 NC0Bjl4uTf: 82481 字符
2025-08-25 03:59:42,109 - INFO - 已提交任务 NMwPKjNTEP: 403a2edb-04a1-4e47-ad8f-79ae64f36eaf
2025-08-25 04:01:29,186 - INFO - 成功处理 NMwPKjNTEP: 111151 字符
2025-08-25 04:01:32,001 - INFO - 已提交任务 NPAgarrM73: d3dbfdcc-152c-4053-b5b5-feb21286a88b
2025-08-25 04:02:26,223 - INFO - 成功处理 NPAgarrM73: 45177 字符
2025-08-25 04:02:29,214 - INFO - 已提交任务 NhP8MTJzT5: 603996c9-6300-4995-9f49-c9abb5e8f800
2025-08-25 04:04:23,008 - INFO - 成功处理 NhP8MTJzT5: 80313 字符
2025-08-25 04:04:26,229 - INFO - 已提交任务 O6YRAOfHGt: 08b33a77-d90d-4801-b7c0-d3edf3b5f04a
2025-08-25 04:05:57,347 - INFO - 成功处理 O6YRAOfHGt: 105167 字符
2025-08-25 04:06:00,067 - INFO - 已提交任务 OGaZVSS0Cx: f53c8334-78ab-46b5-b2a8-04b290a1eb87
2025-08-25 04:07:27,884 - INFO - 成功处理 OGaZVSS0Cx: 73458 字符
2025-08-25 04:07:30,627 - INFO - 已提交任务 OLEQJoAED6: 841ca33e-faa4-4113-b410-2ba1d2f06e2d
2025-08-25 04:08:41,997 - INFO - 成功处理 OLEQJoAED6: 45451 字符
2025-08-25 04:08:45,032 - INFO - 已提交任务 OiTr2v90t7: 9a9e47e7-c11d-4b6e-bb0b-c50ca26f6b5c
2025-08-25 04:10:15,886 - INFO - 成功处理 OiTr2v90t7: 124452 字符
2025-08-25 04:10:21,795 - INFO - 已提交任务 PKEmH9ZJfw: a650745c-15c8-416e-9be5-139c2b795cc2
2025-08-25 04:12:10,708 - INFO - 成功处理 PKEmH9ZJfw: 122875 字符
2025-08-25 04:12:13,264 - INFO - 已提交任务 POFf5SGSAL: a6943c74-ed7b-4bbd-85d5-c8fc6868a33d
2025-08-25 04:12:45,780 - WARNING - 状态查询异常 POFf5SGSAL: HTTPSConnectionPool(host='mineru.net', port=443): Max retries exceeded with url: /api/v4/extract/task/a6943c74-ed7b-4bbd-85d5-c8fc6868a33d (Caused by SSLError(SSLEOFError(8, '[SSL: UNEXPECTED_EOF_WHILE_READING] EOF occurred in violation of protocol (_ssl.c:1007)')))
2025-08-25 04:13:22,275 - INFO - 成功处理 POFf5SGSAL: 64824 字符
2025-08-25 04:13:24,860 - INFO - 已提交任务 PlBUSoSUJG: e91eb969-3bfa-42a3-b693-33fd06ca657a
2025-08-25 04:14:40,577 - WARNING - 状态查询异常 PlBUSoSUJG: HTTPSConnectionPool(host='mineru.net', port=443): Max retries exceeded with url: /api/v4/extract/task/e91eb969-3bfa-42a3-b693-33fd06ca657a (Caused by SSLError(SSLEOFError(8, '[SSL: UNEXPECTED_EOF_WHILE_READING] EOF occurred in violation of protocol (_ssl.c:1007)')))
2025-08-25 04:15:27,871 - WARNING - 状态查询异常 PlBUSoSUJG: HTTPSConnectionPool(host='mineru.net', port=443): Max retries exceeded with url: /api/v4/extract/task/e91eb969-3bfa-42a3-b693-33fd06ca657a (Caused by SSLError(SSLEOFError(8, '[SSL: UNEXPECTED_EOF_WHILE_READING] EOF occurred in violation of protocol (_ssl.c:1007)')))
2025-08-25 04:15:50,963 - INFO - 成功处理 PlBUSoSUJG: 133731 字符
2025-08-25 04:15:53,772 - INFO - 已提交任务 PnSTlFUfcd: e4f0ffde-fde8-4d18-b4cf-d086cb24cdf8
2025-08-25 04:18:14,344 - INFO - 成功处理 PnSTlFUfcd: 216056 字符
2025-08-25 04:18:17,198 - INFO - 已提交任务 QeebTNgRjn: d1e102e6-8fb6-4c26-8b62-deb7fda13aac
2025-08-25 04:19:44,639 - INFO - 成功处理 QeebTNgRjn: 54596 字符
2025-08-25 04:19:47,835 - INFO - 已提交任务 QsxldAFMFx: 996d203c-66dd-4053-8b7a-0ba960133e9a
2025-08-25 04:21:00,057 - INFO - 成功处理 QsxldAFMFx: 79758 字符
2025-08-25 04:21:03,125 - INFO - 已提交任务 RGnjY6l2HT: f23c89a8-4c90-427f-a186-846a8afafe13
2025-08-25 04:22:50,722 - INFO - 成功处理 RGnjY6l2HT: 88778 字符
2025-08-25 04:22:53,651 - INFO - 已提交任务 RNeb41ybNL: 68479250-d365-4157-bc96-2f2faf5a3718
2025-08-25 04:25:19,056 - INFO - 成功处理 RNeb41ybNL: 185435 字符
2025-08-25 04:25:21,705 - INFO - 已提交任务 RTaSjoxmw9: a85290af-2a6f-4f0a-bb46-c6604a26d628
2025-08-25 04:26:50,414 - INFO - 成功处理 RTaSjoxmw9: 107284 字符
2025-08-25 04:26:53,241 - INFO - 已提交任务 RZk2rxJT55: e54fd2b3-c1cf-4301-aeeb-f57ea7afb434
2025-08-25 04:28:04,623 - INFO - 成功处理 RZk2rxJT55: 94960 字符
2025-08-25 04:28:07,380 - INFO - 已提交任务 RdAfUp4LcD: 14e56ca8-9d65-457c-9c6d-f05c4b82413e
2025-08-25 04:29:36,069 - INFO - 成功处理 RdAfUp4LcD: 101976 字符
2025-08-25 04:29:39,210 - INFO - 已提交任务 Rllg9nOasE: 7e9ef134-4a56-4f64-a179-51e0d96f60e7
2025-08-25 04:30:50,939 - INFO - 成功处理 Rllg9nOasE: 79799 字符
2025-08-25 04:30:53,924 - INFO - 已提交任务 SLXHVsbU8r: 8f852314-e15d-4946-881b-4e1a8353aa82
2025-08-25 04:32:28,967 - INFO - 成功处理 SLXHVsbU8r: 104253 字符
2025-08-25 04:32:31,756 - INFO - 已提交任务 SOxxGATGsl: e77ab5e6-597f-477d-a01e-b1f36834ab6c
2025-08-25 04:34:16,325 - INFO - 成功处理 SOxxGATGsl: 103902 字符
2025-08-25 04:34:18,821 - INFO - 已提交任务 SYZzABI1ns: 2506beba-d5ed-43c2-8759-3aaba3b0c9ce
2025-08-25 04:36:04,905 - INFO - 成功处理 SYZzABI1ns: 136832 字符
2025-08-25 04:36:07,491 - INFO - 已提交任务 SeesCzBelI: 393180b8-4ee7-40e6-beb3-4c4c6fb4f1af
2025-08-25 04:37:13,115 - WARNING - 状态查询异常 SeesCzBelI: HTTPSConnectionPool(host='mineru.net', port=443): Max retries exceeded with url: /api/v4/extract/task/393180b8-4ee7-40e6-beb3-4c4c6fb4f1af (Caused by SSLError(SSLEOFError(8, '[SSL: UNEXPECTED_EOF_WHILE_READING] EOF occurred in violation of protocol (_ssl.c:1007)')))
2025-08-25 04:37:34,913 - INFO - 成功处理 SeesCzBelI: 81250 字符
2025-08-25 04:37:37,028 - INFO - 已提交任务 SqW42eR2wC: db39a5f2-4bec-4a4b-af7f-1268cb776748
2025-08-25 04:39:04,723 - INFO - 成功处理 SqW42eR2wC: 95713 字符
2025-08-25 04:39:06,893 - INFO - 已提交任务 TEwQSWWn7S: 3cd4c2d0-9234-4c13-8103-6dd4560026b4
2025-08-25 04:40:35,911 - INFO - 成功处理 TEwQSWWn7S: 91435 字符
2025-08-25 04:40:38,477 - INFO - 已提交任务 TI7Vy90B9j: f0c96da0-ebc2-45db-8b60-ca73863faf47
2025-08-25 04:42:41,150 - INFO - 成功处理 TI7Vy90B9j: 153133 字符
2025-08-25 04:42:44,104 - INFO - 已提交任务 TJJ4gZtkS4: 339c002f-3b02-454c-8ecd-5b83599c0162
2025-08-25 04:44:13,667 - INFO - 成功处理 TJJ4gZtkS4: 83528 字符
2025-08-25 04:44:16,096 - INFO - 已提交任务 TKbGTj0YCZ: 3a9a047b-3472-4f28-ac41-dc310558f280
2025-08-25 04:45:46,390 - INFO - 成功处理 TKbGTj0YCZ: 101159 字符
2025-08-25 04:45:49,115 - INFO - 已提交任务 TKozKEMKiw: a6aede2e-6a00-42e9-869b-0305f60a8d58
2025-08-25 04:47:34,588 - INFO - 成功处理 TKozKEMKiw: 108561 字符
2025-08-25 04:47:37,362 - INFO - 已提交任务 TWfNFCOPaK: bcc9ffcf-fceb-46b0-b45e-5b311850a7d8
2025-08-25 04:49:06,070 - INFO - 成功处理 TWfNFCOPaK: 90861 字符
2025-08-25 04:49:08,493 - INFO - 已提交任务 UGKgoAZuuL: c422e3b6-1f10-4c99-918b-04625b79a8ea
2025-08-25 04:50:19,894 - INFO - 成功处理 UGKgoAZuuL: 89065 字符
2025-08-25 04:50:22,610 - INFO - 已提交任务 UGwdz3kjht: 4a4b6e5a-9aeb-4d5e-9f02-5c372d801d8c
2025-08-25 04:51:55,329 - INFO - 成功处理 UGwdz3kjht: 76472 字符
2025-08-25 04:51:59,141 - INFO - 已提交任务 URkFX1jmOd: ad2f34e4-7b44-418a-970e-c2578139d8c0
2025-08-25 04:53:30,398 - INFO - 成功处理 URkFX1jmOd: 75070 字符
2025-08-25 04:53:33,213 - INFO - 已提交任务 UTwuDTpdNO: 9d9382f6-fc30-4dcc-9447-63fe2377c632
2025-08-25 04:55:37,854 - INFO - 成功处理 UTwuDTpdNO: 194348 字符
2025-08-25 04:55:40,641 - INFO - 已提交任务 UqvAFl0lkT: 867c6e15-428a-4d12-8b7e-127059c5f0ee
2025-08-25 04:57:26,444 - INFO - 成功处理 UqvAFl0lkT: 121930 字符
2025-08-25 04:57:29,410 - INFO - 已提交任务 V5Sbh42uDe: 3badb942-2206-435b-ba16-9dcbda0373e7
2025-08-25 04:58:41,011 - INFO - 成功处理 V5Sbh42uDe: 76716 字符
2025-08-25 04:58:43,693 - INFO - 已提交任务 V6891G9dWu: e859512c-8cca-4a88-aca5-a1f1b9b1223d
2025-08-25 05:00:30,795 - INFO - 成功处理 V6891G9dWu: 145328 字符
2025-08-25 05:00:33,521 - INFO - 已提交任务 VD3lb3XWqa: 6550689b-f110-4353-9934-7c35ac1cc56e
2025-08-25 05:01:44,916 - INFO - 成功处理 VD3lb3XWqa: 75201 字符
2025-08-25 05:01:47,827 - INFO - 已提交任务 VTcGX5HO19: 7581cb90-70c7-4a9c-95e5-64480ee3429f
2025-08-25 05:03:16,649 - INFO - 成功处理 VTcGX5HO19: 112598 字符
2025-08-25 05:03:19,541 - INFO - 已提交任务 VVDewLcVkx: 462d7e13-9df4-4beb-bf8f-51519907db3e
2025-08-25 05:04:32,755 - INFO - 成功处理 VVDewLcVkx: 82504 字符
2025-08-25 05:04:35,363 - INFO - 已提交任务 VajjTXRj6J: e62d7d7a-2d64-4602-8cb3-d585d887a243
2025-08-25 05:06:04,634 - INFO - 成功处理 VajjTXRj6J: 110254 字符
2025-08-25 05:06:07,368 - INFO - 已提交任务 WVQ4Clw1VD: 4837a9d9-2238-42d0-bbf8-c10d5ff19624
2025-08-25 05:07:20,236 - INFO - 成功处理 WVQ4Clw1VD: 44538 字符
2025-08-25 05:07:22,423 - INFO - 已提交任务 WdA5H9ARaa: 86135251-0d0b-4534-8960-9f41747315d7
2025-08-25 05:08:33,351 - INFO - 成功处理 WdA5H9ARaa: 95169 字符
2025-08-25 05:08:35,577 - INFO - 已提交任务 Wmodg5UiEd: 9ca4e232-f1f8-46b1-acac-5ce6d2bd9dd9
2025-08-25 05:10:19,675 - INFO - 成功处理 Wmodg5UiEd: 117778 字符
2025-08-25 05:10:22,484 - INFO - 已提交任务 WpEaUIBIWH: 02eaef5f-a69c-487c-ac65-286a5119b6e7
2025-08-25 05:12:24,090 - INFO - 成功处理 WpEaUIBIWH: 118357 字符
2025-08-25 05:12:27,004 - INFO - 已提交任务 WxW4nZMD3D: b45f8be5-54ed-4ab2-adce-6fe8d5460a2a
2025-08-25 05:14:45,657 - INFO - 成功处理 WxW4nZMD3D: 188551 字符
2025-08-25 05:14:48,736 - INFO - 已提交任务 XYDMAckWMa: 83dc877d-00c3-4edc-8d6c-225a7cfecc9c
2025-08-25 05:16:36,224 - INFO - 成功处理 XYDMAckWMa: 137032 字符
2025-08-25 05:16:39,112 - INFO - 已提交任务 XgkrXpHl5j: 0c743cdd-d999-4ea5-bd3a-1d3fc3ebded1
2025-08-25 05:18:07,432 - INFO - 成功处理 XgkrXpHl5j: 131839 字符
2025-08-25 05:18:10,079 - INFO - 已提交任务 XiConLcsqq: fb7e9078-0445-4490-8c65-2436207ab473
2025-08-25 05:20:32,312 - INFO - 成功处理 XiConLcsqq: 181775 字符
2025-08-25 05:20:35,263 - INFO - 已提交任务 XkMCKoHNCD: a2f24445-999c-4a33-9086-6c1e9fb852f1
2025-08-25 05:22:22,477 - INFO - 成功处理 XkMCKoHNCD: 103508 字符
2025-08-25 05:22:25,021 - INFO - 已提交任务 Y9aRCjuhnV: 7df8aa9d-c795-40e7-a329-80340d33ec47
2025-08-25 05:23:47,194 - WARNING - 状态查询异常 Y9aRCjuhnV: HTTPSConnectionPool(host='mineru.net', port=443): Max retries exceeded with url: /api/v4/extract/task/7df8aa9d-c795-40e7-a329-80340d33ec47 (Caused by SSLError(SSLEOFError(8, '[SSL: UNEXPECTED_EOF_WHILE_READING] EOF occurred in violation of protocol (_ssl.c:1007)')))
2025-08-25 05:24:07,261 - INFO - 成功处理 Y9aRCjuhnV: 83740 字符
2025-08-25 05:24:09,914 - INFO - 已提交任务 YZWvf58dBS: c2a254c9-10c5-4e83-863b-b7c0c1caaa0f
2025-08-25 05:25:22,192 - INFO - 成功处理 YZWvf58dBS: 86282 字符
2025-08-25 05:25:24,864 - INFO - 已提交任务 YZoGmJrOS9: 7039ffa9-98bd-40b1-8624-7a0d842a0262
2025-08-25 05:26:37,074 - INFO - 成功处理 YZoGmJrOS9: 66457 字符
2025-08-25 05:26:39,989 - INFO - 已提交任务 Yq2dYPkfRU: 6e0c12f6-01d5-47ca-8ab8-03dd54a01393
2025-08-25 05:29:17,462 - INFO - 成功处理 Yq2dYPkfRU: 168545 字符
2025-08-25 05:29:20,125 - INFO - 已提交任务 Z2f4Laqi8U: 9aff041d-a07b-4fe1-a4ff-b92556862125
2025-08-25 05:31:22,099 - INFO - 成功处理 Z2f4Laqi8U: 111129 字符
2025-08-25 05:31:28,072 - INFO - 已提交任务 ZDvXY56DeP: b971a8c4-8d04-4f30-8281-c374dd4bcffd
2025-08-25 05:32:50,715 - INFO - 成功处理 ZDvXY56DeP: 74855 字符
2025-08-25 05:32:53,422 - INFO - 已提交任务 ZJZqO4grws: c66fedb7-8ff8-4132-858f-fca8a4074710
2025-08-25 05:34:23,632 - INFO - 成功处理 ZJZqO4grws: 95903 字符
2025-08-25 05:34:26,617 - INFO - 已提交任务 aTXhTD44nF: d3fa16f9-9f63-4695-8b43-70521afcf7e6
2025-08-25 05:36:11,839 - INFO - 成功处理 aTXhTD44nF: 100013 字符
2025-08-25 05:36:14,576 - INFO - 已提交任务 aYJ2T5TXoX: 51ec682e-34f6-45f3-997d-58cc10287ee8
2025-08-25 05:37:25,835 - INFO - 成功处理 aYJ2T5TXoX: 80818 字符
2025-08-25 05:37:28,465 - INFO - 已提交任务 aiGN4UnNM7: b826af4f-2859-480f-8c35-393d98914679
2025-08-25 05:38:41,046 - INFO - 成功处理 aiGN4UnNM7: 67220 字符
2025-08-25 05:38:43,614 - INFO - 已提交任务 anxYEohntP: 2ed7e8d1-9596-4e73-9d24-6834ae7e1f9b
2025-08-25 05:40:11,750 - INFO - 成功处理 anxYEohntP: 92983 字符
2025-08-25 05:40:13,994 - INFO - 已提交任务 apI1GltwSx: 8f1a8781-1df4-442b-b5f2-c690c0eec1c5
2025-08-25 05:41:44,582 - INFO - 成功处理 apI1GltwSx: 76422 字符
2025-08-25 05:41:47,392 - INFO - 已提交任务 azkuhJBZXi: 51c12399-f8d1-4335-928a-3f2a7be29cb7
2025-08-25 05:42:43,115 - INFO - 成功处理 azkuhJBZXi: 77058 字符
2025-08-25 05:42:45,250 - INFO - 已提交任务 bAaM8cKoMl: e0854748-ed59-4ac3-b260-07ac1fcb9308
2025-08-25 05:43:59,518 - INFO - 成功处理 bAaM8cKoMl: 129887 字符
2025-08-25 05:44:01,778 - INFO - 已提交任务 bNVvcgfEwD: 81f105cb-444f-4d98-845d-d345054a8d3e
2025-08-25 05:45:46,521 - INFO - 成功处理 bNVvcgfEwD: 169075 字符
2025-08-25 05:45:49,021 - INFO - 已提交任务 buSEDdP5YX: 82fc3f84-c8c5-48be-a436-305487e1e933
2025-08-25 05:47:16,814 - INFO - 成功处理 buSEDdP5YX: 89216 字符
2025-08-25 05:47:19,614 - INFO - 已提交任务 bxwWikAXSy: 4f2f062c-aa76-46fb-acdf-b2baae79bc68
2025-08-25 05:48:31,801 - INFO - 成功处理 bxwWikAXSy: 58915 字符
2025-08-25 05:48:33,941 - INFO - 已提交任务 cCOpatbXFU: f51cea5b-ca05-47e0-9180-f9b842c3f46f
2025-08-25 05:50:18,284 - INFO - 成功处理 cCOpatbXFU: 131886 字符
2025-08-25 05:50:20,892 - INFO - 已提交任务 cEb305kE1V: 06154083-d2b7-4070-98d3-8e50cc4f4d99
2025-08-25 05:51:49,884 - INFO - 成功处理 cEb305kE1V: 109097 字符
2025-08-25 05:51:52,297 - INFO - 已提交任务 cO1llRY2Br: 926c9e49-265f-4bc0-b47f-16e9384a844f
2025-08-25 05:53:19,831 - INFO - 成功处理 cO1llRY2Br: 77846 字符
2025-08-25 05:53:22,745 - INFO - 已提交任务 cRs4jvF4mO: 422df40b-3e2d-4820-8603-26aec6baf453
2025-08-25 05:54:56,122 - INFO - 成功处理 cRs4jvF4mO: 65017 字符
2025-08-25 05:54:59,462 - INFO - 已提交任务 cVbd7uTvD8: 4f97e657-9147-4d76-8804-a65da07bf0fc
2025-08-25 05:56:31,197 - INFO - 成功处理 cVbd7uTvD8: 74484 字符
2025-08-25 05:56:33,935 - INFO - 已提交任务 cdYIL6OQr6: 1816c62a-9dc7-4245-ae1c-baa122a9c905
2025-08-25 05:57:56,000 - WARNING - 状态查询异常 cdYIL6OQr6: HTTPSConnectionPool(host='mineru.net', port=443): Max retries exceeded with url: /api/v4/extract/task/1816c62a-9dc7-4245-ae1c-baa122a9c905 (Caused by SSLError(SSLEOFError(8, '[SSL: UNEXPECTED_EOF_WHILE_READING] EOF occurred in violation of protocol (_ssl.c:1007)')))
2025-08-25 05:58:16,435 - INFO - 成功处理 cdYIL6OQr6: 72978 字符
2025-08-25 05:58:19,009 - INFO - 已提交任务 cgb0Tn4uHy: bac75535-0a3a-41f4-8e0d-4188710b901a
2025-08-25 05:59:33,558 - INFO - 成功处理 cgb0Tn4uHy: 95600 字符
2025-08-25 05:59:35,795 - INFO - 已提交任务 d1Pup4gkWf: d8e5417f-9e42-4fbd-bd84-5e10f6e2221b
2025-08-25 06:00:53,513 - INFO - 成功处理 d1Pup4gkWf: 55538 字符
2025-08-25 06:00:56,223 - INFO - 已提交任务 dA0AdHrdAQ: c11515fe-6092-4d64-9b97-3ea69121b569
2025-08-25 06:02:08,165 - INFO - 成功处理 dA0AdHrdAQ: 81959 字符
2025-08-25 06:02:11,142 - INFO - 已提交任务 dQmEIwRw16: 8fe4294c-0aa7-4faa-8c4b-a91c9b50f203
2025-08-25 06:03:21,686 - INFO - 成功处理 dQmEIwRw16: 90329 字符
2025-08-25 06:03:23,890 - INFO - 已提交任务 eM3Wzs6Unt: a00cffbd-8a47-4319-9c17-aecc253067f8
2025-08-25 06:05:27,305 - INFO - 成功处理 eM3Wzs6Unt: 94083 字符
2025-08-25 06:05:30,051 - INFO - 已提交任务 eVAzmJgrAc: d91c458e-a7d8-4c27-a277-df1532a53b00
2025-08-25 06:06:23,966 - INFO - 成功处理 eVAzmJgrAc: 40353 字符
2025-08-25 06:06:25,938 - INFO - 已提交任务 eYUbBKxABP: 256eb2f2-ba33-4ed5-9aeb-9216f58f3c38
2025-08-25 06:07:38,627 - INFO - 成功处理 eYUbBKxABP: 102130 字符
2025-08-25 06:07:40,923 - INFO - 已提交任务 egGFHCFPiU: bb6dd0b4-4c1f-409c-9e74-0567d9cc0b54
2025-08-25 06:09:25,021 - INFO - 成功处理 egGFHCFPiU: 136114 字符
2025-08-25 06:09:29,668 - INFO - 已提交任务 fTOw3BzcWs: 6640c571-58be-45bd-9131-6806ce8ed1c8
2025-08-25 06:11:26,589 - INFO - 成功处理 fTOw3BzcWs: 100754 字符
2025-08-25 06:11:30,079 - INFO - 已提交任务 fzdFPqkAHD: 41af57d4-29b8-4810-962a-96e531995e49
2025-08-25 06:11:54,904 - WARNING - 状态查询异常 fzdFPqkAHD: HTTPSConnectionPool(host='mineru.net', port=443): Max retries exceeded with url: /api/v4/extract/task/41af57d4-29b8-4810-962a-96e531995e49 (Caused by SSLError(SSLEOFError(8, '[SSL: UNEXPECTED_EOF_WHILE_READING] EOF occurred in violation of protocol (_ssl.c:1007)')))
2025-08-25 06:13:29,602 - INFO - 成功处理 fzdFPqkAHD: 80189 字符
2025-08-25 06:13:32,639 - INFO - 已提交任务 gBOQ0ACqoO: 719a8c76-b5da-4a46-84ca-a81022bb673a
2025-08-25 06:14:53,141 - INFO - 成功处理 gBOQ0ACqoO: 80404 字符
2025-08-25 06:14:55,897 - INFO - 已提交任务 gg3POFjqq8: 87ec05e5-c9fb-46c4-8f0b-edcb50f8539f
2025-08-25 06:15:53,547 - INFO - 成功处理 gg3POFjqq8: 48887 字符
2025-08-25 06:15:56,337 - INFO - 已提交任务 gsott1UXlq: 2ddfbe8f-d42d-401d-b217-505de6ba46d9
2025-08-25 06:17:09,681 - INFO - 成功处理 gsott1UXlq: 82078 字符
2025-08-25 06:17:12,451 - INFO - 已提交任务 h8LuywKj6N: 78750777-049f-42a8-8a1c-d22415ecee01
2025-08-25 06:19:31,937 - INFO - 成功处理 h8LuywKj6N: 166765 字符
2025-08-25 06:19:34,647 - INFO - 已提交任务 h8goI8uPXM: dbb3a248-5946-4943-9118-1f1e309f18d9
2025-08-25 06:21:01,318 - INFO - 成功处理 h8goI8uPXM: 69062 字符
2025-08-25 06:21:03,252 - INFO - 已提交任务 hGhLd2ByoR: 0d8ac1fe-0578-458c-a5fb-00eaa40c38ef
2025-08-25 06:23:07,450 - INFO - 成功处理 hGhLd2ByoR: 107827 字符
2025-08-25 06:23:10,402 - INFO - 已提交任务 hc9GkYw9kR: 88a0d896-aa2b-4999-9491-c079d9bf35ca
2025-08-25 06:25:39,814 - INFO - 成功处理 hc9GkYw9kR: 192761 字符
2025-08-25 06:25:52,137 - INFO - 已提交任务 hiwHaqFXGi: f4973053-0706-4b80-8acd-2d9fc8f02c0d
2025-08-25 06:27:23,320 - INFO - 成功处理 hiwHaqFXGi: 85771 字符
2025-08-25 06:27:26,045 - INFO - 已提交任务 iGeJxHqnbx: c0362f32-a7b0-4078-9510-09a4ef806970
2025-08-25 06:28:40,444 - INFO - 成功处理 iGeJxHqnbx: 51608 字符
2025-08-25 06:28:43,204 - INFO - 已提交任务 iRHxp1ibFj: 33d64edc-c10d-41a9-98b9-7e6107741792
2025-08-25 06:29:40,735 - WARNING - 状态查询异常 iRHxp1ibFj: HTTPSConnectionPool(host='mineru.net', port=443): Max retries exceeded with url: /api/v4/extract/task/33d64edc-c10d-41a9-98b9-7e6107741792 (Caused by SSLError(SSLEOFError(8, '[SSL: UNEXPECTED_EOF_WHILE_READING] EOF occurred in violation of protocol (_ssl.c:1007)')))
2025-08-25 06:30:03,876 - INFO - 成功处理 iRHxp1ibFj: 72272 字符
2025-08-25 06:30:06,486 - INFO - 已提交任务 iTUlYblV0K: 5e033e29-89ec-4efa-8a3f-d21f5bb85bb0
2025-08-25 06:31:17,631 - INFO - 成功处理 iTUlYblV0K: 64610 字符
2025-08-25 06:31:20,241 - INFO - 已提交任务 iwC19lVBoq: ab6e820b-a0bc-4345-bd2b-ea0ff41c82b1
2025-08-25 06:32:37,138 - INFO - 成功处理 iwC19lVBoq: 51937 字符
2025-08-25 06:32:39,940 - INFO - 已提交任务 jKzLukkKZO: 82b5abcb-f965-438c-a36f-5c43c890b6b2
2025-08-25 06:34:23,978 - INFO - 成功处理 jKzLukkKZO: 147253 字符
2025-08-25 06:34:26,879 - INFO - 已提交任务 jkJDNG468g: 74e47efb-f337-4be0-93a3-0bbf5dad5662
2025-08-25 06:35:38,277 - INFO - 成功处理 jkJDNG468g: 59150 字符
2025-08-25 06:35:40,888 - INFO - 已提交任务 jwE1dgOox1: dc5c0b7e-b426-476d-a4a6-966bd5bdd757
2025-08-25 06:37:12,589 - INFO - 成功处理 jwE1dgOox1: 105971 字符
2025-08-25 06:37:15,277 - INFO - 已提交任务 k0qTnbQxzR: 99c731f3-56f2-4aab-8637-74a3dd742c8b
2025-08-25 06:38:47,114 - INFO - 成功处理 k0qTnbQxzR: 87877 字符
2025-08-25 06:38:49,771 - INFO - 已提交任务 k73M4XEvFX: 91d265e3-2a99-4f1f-9cce-6a1e69fa031d
2025-08-25 06:40:01,279 - INFO - 成功处理 k73M4XEvFX: 55372 字符
2025-08-25 06:40:04,172 - INFO - 已提交任务 kDp8Eq76dm: 39a8b97c-4144-4528-82f7-7d311bf9ca74
2025-08-25 06:41:16,563 - INFO - 成功处理 kDp8Eq76dm: 50032 字符
2025-08-25 06:41:18,734 - INFO - 已提交任务 kOp0kiXZ3a: 7a55b22c-5395-4478-96b9-2b3a177afa88
2025-08-25 06:42:29,514 - INFO - 成功处理 kOp0kiXZ3a: 90078 字符
2025-08-25 06:42:31,976 - INFO - 已提交任务 ks0FrTSCnK: a61292b9-6ed8-467b-859c-ac8c0cf6c3dc
2025-08-25 06:44:18,986 - INFO - 成功处理 ks0FrTSCnK: 109745 字符
2025-08-25 06:44:21,728 - INFO - 已提交任务 l985bXCatk: 62df4185-af35-48a6-a61b-2dd38071408a
2025-08-25 06:45:34,771 - INFO - 成功处理 l985bXCatk: 58284 字符
2025-08-25 06:45:37,373 - INFO - 已提交任务 lEDuaGGiCV: fe6913e5-ab86-471b-abc3-d951ade877a6
2025-08-25 06:47:21,458 - INFO - 成功处理 lEDuaGGiCV: 103382 字符
2025-08-25 06:47:24,450 - INFO - 已提交任务 lTUXlmjcva: b9ebfb7a-a207-4eae-a841-69c0b58f0377
2025-08-25 06:48:55,446 - INFO - 成功处理 lTUXlmjcva: 95289 字符
2025-08-25 06:48:58,599 - INFO - 已提交任务 lizRmKCnBp: 311c3fb9-afe3-4fc6-8adf-f856f45ed7f8
2025-08-25 06:50:34,107 - INFO - 成功处理 lizRmKCnBp: 73999 字符
2025-08-25 06:50:40,262 - INFO - 已提交任务 lnnNPiZtzR: 274728dc-3801-4164-a1e4-cfd8ff9be083
2025-08-25 06:52:01,062 - INFO - 成功处理 lnnNPiZtzR: 44393 字符
2025-08-25 06:52:03,785 - INFO - 已提交任务 m772lelDe3: 443582c9-3ea4-4330-8527-f32e36383a22
2025-08-25 06:53:49,386 - INFO - 成功处理 m772lelDe3: 93135 字符
2025-08-25 06:53:52,065 - INFO - 已提交任务 mDRmX8IlBI: 51fa692b-34a4-462d-84ed-52d2b4f98c78
2025-08-25 06:55:03,692 - INFO - 成功处理 mDRmX8IlBI: 59720 字符
2025-08-25 06:55:06,308 - INFO - 已提交任务 mEJgnZZyfv: 99adfa2b-7c82-410a-ae5b-b408704aa06d
2025-08-25 06:56:20,417 - INFO - 成功处理 mEJgnZZyfv: 65130 字符
2025-08-25 06:56:23,177 - INFO - 已提交任务 mdK1vhgpa5: bae6ee2b-f286-4b87-ac5e-5a9937b065c2
2025-08-25 06:58:08,423 - INFO - 成功处理 mdK1vhgpa5: 117593 字符
2025-08-25 06:58:11,155 - INFO - 已提交任务 mfJifAlRMY: f7785760-9098-4b3e-99f8-f6d4f3114862
2025-08-25 06:59:22,862 - INFO - 成功处理 mfJifAlRMY: 64197 字符
2025-08-25 06:59:25,010 - INFO - 已提交任务 moMoWj7jLm: 5d3a5578-155c-4a30-a6a2-d97870739524
2025-08-25 07:00:53,196 - INFO - 成功处理 moMoWj7jLm: 97114 字符
2025-08-25 07:00:55,801 - INFO - 已提交任务 mwIZW97PVQ: cf3d5213-2136-4410-b3ca-cff207db671f
2025-08-25 07:01:49,780 - INFO - 成功处理 mwIZW97PVQ: 53060 字符
2025-08-25 07:01:52,452 - INFO - 已提交任务 nEnazjpwOx: 772622a0-5d0a-4566-a08a-aa241511d57d
2025-08-25 07:03:39,267 - INFO - 成功处理 nEnazjpwOx: 194480 字符
2025-08-25 07:03:41,901 - INFO - 已提交任务 nEvnCuviMO: 6d6d0afc-e19f-4467-9f06-079bfdf1f39d
2025-08-25 07:05:25,887 - INFO - 成功处理 nEvnCuviMO: 141043 字符
2025-08-25 07:05:28,474 - INFO - 已提交任务 nMFVdphOc9: 76f683a9-0dfd-432d-93d6-ed45d0006678
2025-08-25 07:06:56,647 - INFO - 成功处理 nMFVdphOc9: 105247 字符
2025-08-25 07:06:59,435 - INFO - 已提交任务 nblJSwtdrJ: 7fe1267f-3011-4fb7-8deb-d5d9c3c05cb1
2025-08-25 07:08:10,562 - INFO - 成功处理 nblJSwtdrJ: 82922 字符
2025-08-25 07:08:13,481 - INFO - 已提交任务 ndIum4ByTU: a1380074-db85-463a-9e8f-47c6f057f1b1
2025-08-25 07:09:41,610 - INFO - 成功处理 ndIum4ByTU: 93640 字符
2025-08-25 07:09:44,429 - INFO - 已提交任务 nfC1OA6NeE: 21cb6d37-e07a-4c43-97e0-9dc29f334575
2025-08-25 07:12:41,890 - INFO - 成功处理 nfC1OA6NeE: 216836 字符
2025-08-25 07:12:44,846 - INFO - 已提交任务 nrcFNxF57E: 36278113-aca9-48fc-85fd-280ef57bc439
2025-08-25 07:15:25,683 - INFO - 成功处理 nrcFNxF57E: 246572 字符
2025-08-25 07:15:28,615 - INFO - 已提交任务 nu2Sqrsnr7: 4495f060-ad05-4338-a554-7f8479e4944b
2025-08-25 07:16:52,392 - INFO - 成功处理 nu2Sqrsnr7: 38143 字符
2025-08-25 07:16:55,294 - INFO - 已提交任务 nzzxLPJENZ: 829f2a62-32fa-47c4-b9aa-f71de6c55bb6
2025-08-25 07:18:40,993 - INFO - 成功处理 nzzxLPJENZ: 96975 字符
2025-08-25 07:18:43,630 - INFO - 已提交任务 oAmHzy8btj: 42595a67-193b-49d6-9174-fa35c1cae0f2
2025-08-25 07:20:46,706 - INFO - 成功处理 oAmHzy8btj: 110485 字符
2025-08-25 07:20:49,277 - INFO - 已提交任务 oEmyoy5H5P: 4d79b21d-a610-4d71-a3f5-c850856bf8c4
2025-08-25 07:21:59,747 - INFO - 成功处理 oEmyoy5H5P: 131693 字符
2025-08-25 07:22:02,483 - INFO - 已提交任务 oOiXomyexS: 77bdf211-6ec3-46cd-9971-3a3162a514eb
2025-08-25 07:23:13,421 - INFO - 成功处理 oOiXomyexS: 83805 字符
2025-08-25 07:23:15,439 - INFO - 已提交任务 oQc7TOCk5G: 14fdf541-ea83-4aa0-85f6-b6aed6fcb1b2
2025-08-25 07:24:42,368 - INFO - 成功处理 oQc7TOCk5G: 147639 字符
2025-08-25 07:24:44,849 - INFO - 已提交任务 oRZN9a53ag: 1130ff37-7657-49da-89b5-34fb0e5af543
2025-08-25 07:26:45,112 - INFO - 成功处理 oRZN9a53ag: 141157 字符
2025-08-25 07:26:47,911 - INFO - 已提交任务 oW6s6zFYj9: e21e322c-3583-48c2-bf92-3049b27a63da
2025-08-25 07:27:58,977 - INFO - 成功处理 oW6s6zFYj9: 72071 字符
2025-08-25 07:28:00,979 - INFO - 已提交任务 ojFEP11Cqj: eb42ca2e-3e48-43d7-bce6-026fc0dec21d
2025-08-25 07:29:28,763 - INFO - 成功处理 ojFEP11Cqj: 109918 字符
2025-08-25 07:29:31,771 - INFO - 已提交任务 opdiIAHfBr: fc209418-089d-4c50-8d15-4b13afea99a2
2025-08-25 07:31:11,847 - INFO - 成功处理 opdiIAHfBr: 71541 字符
2025-08-25 07:31:14,459 - INFO - 已提交任务 oxV50yFy5T: 3d1b15cd-d719-4d4f-9a6c-4142a2224a1c
2025-08-25 07:32:26,288 - INFO - 成功处理 oxV50yFy5T: 73021 字符
2025-08-25 07:32:28,992 - INFO - 已提交任务 p32gjG4yqw: 8d9cbc18-8ac6-45e8-824e-2242f395f83f
2025-08-25 07:33:56,022 - INFO - 成功处理 p32gjG4yqw: 94699 字符
2025-08-25 07:33:58,111 - INFO - 已提交任务 pBeoAGdIuy: 7e2390b0-469e-4484-a1ee-babf4e68ae6f
2025-08-25 07:35:08,362 - INFO - 成功处理 pBeoAGdIuy: 49254 字符
2025-08-25 07:35:11,317 - INFO - 已提交任务 pF5QjxzwHi: fb990350-467d-4854-bb78-000ac84c03ca
2025-08-25 07:36:23,322 - INFO - 成功处理 pF5QjxzwHi: 49548 字符
2025-08-25 07:36:25,884 - INFO - 已提交任务 pNQB78UDp4: 28f91988-e5ae-49f9-9bbf-06c4827e7f47
2025-08-25 07:37:37,088 - INFO - 成功处理 pNQB78UDp4: 70766 字符
2025-08-25 07:37:39,611 - INFO - 已提交任务 qL4nN6Ew7U: 7e65cb5e-401e-4bc2-b6a0-922255d9e9a2
2025-08-25 07:39:07,840 - INFO - 成功处理 qL4nN6Ew7U: 70130 字符
2025-08-25 07:39:10,505 - INFO - 已提交任务 qLtLQ4KUCq: 3d83172e-9168-46d3-89f7-9756d8336e3d
2025-08-25 07:41:08,366 - INFO - 成功处理 qLtLQ4KUCq: 113335 字符
2025-08-25 07:41:10,911 - INFO - 已提交任务 qNYYb4nOKA: 8bdf6c10-27d1-40d0-bd08-7e0ada10d62d
2025-08-25 07:42:05,548 - INFO - 成功处理 qNYYb4nOKA: 63676 字符
2025-08-25 07:42:08,082 - INFO - 已提交任务 r7mj17BKzw: 7cfe6423-1572-4c9b-b458-11ae6d162920
2025-08-25 07:43:35,870 - INFO - 成功处理 r7mj17BKzw: 81769 字符
2025-08-25 07:43:38,802 - INFO - 已提交任务 r8PnfcWQol: c7edd747-bca0-43fb-b5f0-0eb367fb2e26
2025-08-25 07:45:06,960 - INFO - 成功处理 r8PnfcWQol: 120725 字符
2025-08-25 07:45:09,775 - INFO - 已提交任务 rC0OM4Jm4v: d9062cfa-6b44-436a-8719-ee1d814c1063
2025-08-25 07:46:43,854 - INFO - 成功处理 rC0OM4Jm4v: 105039 字符
2025-08-25 07:46:46,476 - INFO - 已提交任务 rSSpEmrN0C: b988c078-08b6-46fd-a2a0-2220e0580bb7
2025-08-25 07:47:58,534 - INFO - 成功处理 rSSpEmrN0C: 81987 字符
2025-08-25 07:48:01,187 - INFO - 已提交任务 rcch4UsMBi: cbc6c266-7283-4a4d-8403-d9673f9baa16
2025-08-25 07:49:28,427 - INFO - 成功处理 rcch4UsMBi: 97506 字符
2025-08-25 07:49:31,169 - INFO - 已提交任务 rdv2Fr6JTC: adb35518-8901-4dd5-bfdf-c29ada58f3c1
2025-08-25 07:50:42,658 - INFO - 成功处理 rdv2Fr6JTC: 93828 字符
2025-08-25 07:50:44,744 - INFO - 已提交任务 rog0J435OO: 10ea551e-3865-42d5-953b-5ca5550d553f
2025-08-25 07:52:11,873 - INFO - 成功处理 rog0J435OO: 78570 字符
2025-08-25 07:52:14,563 - INFO - 已提交任务 s5Y3M5l1qg: c09f4d66-50f2-4410-8a1c-0cb54da07440
2025-08-25 07:53:45,195 - WARNING - 状态查询异常 s5Y3M5l1qg: HTTPSConnectionPool(host='mineru.net', port=443): Max retries exceeded with url: /api/v4/extract/task/c09f4d66-50f2-4410-8a1c-0cb54da07440 (Caused by SSLError(SSLEOFError(8, '[SSL: UNEXPECTED_EOF_WHILE_READING] EOF occurred in violation of protocol (_ssl.c:1007)')))
2025-08-25 07:54:04,948 - INFO - 成功处理 s5Y3M5l1qg: 89687 字符
2025-08-25 07:54:07,664 - INFO - 已提交任务 sxZlp9ZoHD: 8dbebfa3-7a09-44b0-8711-82eb090445be
2025-08-25 07:55:36,030 - INFO - 成功处理 sxZlp9ZoHD: 86608 字符
2025-08-25 07:55:38,867 - INFO - 已提交任务 t3Xj7YD7fL: a4500dcf-bdbb-4d69-b51e-a05003f7c991
2025-08-25 07:56:50,210 - INFO - 成功处理 t3Xj7YD7fL: 36954 字符
2025-08-25 07:56:52,266 - INFO - 已提交任务 t8ch1OCvHh: 0e53f100-b76d-4a72-a82d-888f8428af76
2025-08-25 07:58:03,625 - INFO - 成功处理 t8ch1OCvHh: 80483 字符
2025-08-25 07:58:05,755 - INFO - 已提交任务 tRjgapiCpm: aa0c538a-3034-42d9-9506-ce6aa32bdd8e
2025-08-25 07:59:16,402 - INFO - 成功处理 tRjgapiCpm: 84348 字符
2025-08-25 07:59:18,664 - INFO - 已提交任务 tVO3b68Oyp: e0bb68c3-be25-4fba-a388-653f4838e487
2025-08-25 08:00:50,843 - INFO - 成功处理 tVO3b68Oyp: 93767 字符
2025-08-25 08:00:53,763 - INFO - 已提交任务 tWvVtOW0qg: 48930bd2-c0c3-4d57-b378-e43cf7582f81
2025-08-25 08:02:23,134 - INFO - 成功处理 tWvVtOW0qg: 62078 字符
2025-08-25 08:02:25,624 - INFO - 已提交任务 u1b1dJtyxc: 8674ef32-3e80-4c5e-8011-e6fd00326ed1
2025-08-25 08:03:36,560 - INFO - 成功处理 u1b1dJtyxc: 85997 字符
2025-08-25 08:03:39,324 - INFO - 已提交任务 uNZpvFlsg9: 4b2d0497-e6c7-4ee0-9333-74c8c79d5735
2025-08-25 08:05:13,402 - INFO - 成功处理 uNZpvFlsg9: 98919 字符
2025-08-25 08:05:16,389 - INFO - 已提交任务 uS9RZH6K65: 344c2c0c-ae6b-40e0-a35d-195710791489
2025-08-25 08:18:56,217 - INFO - 成功处理 uS9RZH6K65: 93508 字符
2025-08-25 08:18:58,997 - INFO - 已提交任务 unMRtFfNhF: 2e410737-c196-4106-9a0e-6a1260746a12
2025-08-25 08:20:59,888 - INFO - 成功处理 unMRtFfNhF: 131356 字符
2025-08-25 08:21:02,741 - INFO - 已提交任务 up0qqbdeQu: 16bd6c30-7b5c-4486-b3af-f943aaf99be2
2025-08-25 08:22:16,247 - INFO - 成功处理 up0qqbdeQu: 79764 字符
2025-08-25 08:22:19,044 - INFO - 已提交任务 urgpcr7kFR: 33b0ab84-2fd7-4231-b41a-0a8ec9f0c301
2025-08-25 08:23:30,700 - INFO - 成功处理 urgpcr7kFR: 45802 字符
2025-08-25 08:23:32,813 - INFO - 已提交任务 uvvVjWP1aj: d1d445f8-53d0-45b5-bede-b1e8ca303337
2025-08-25 08:25:02,275 - INFO - 成功处理 uvvVjWP1aj: 116901 字符
2025-08-25 08:25:05,180 - INFO - 已提交任务 vKwf15M5EE: d13720f0-c5fe-4576-a6bb-308e95114cfe
2025-08-25 08:26:33,576 - INFO - 成功处理 vKwf15M5EE: 91098 字符
2025-08-25 08:26:36,146 - INFO - 已提交任务 vYmvgxpgwH: 7625e100-03df-4da2-a4fe-34bb658f2d99
2025-08-25 08:27:47,331 - INFO - 成功处理 vYmvgxpgwH: 72075 字符
2025-08-25 08:27:50,411 - INFO - 已提交任务 wH36UKML4x: e3bc6283-55eb-436a-b87e-60bb4904f734
2025-08-25 08:29:36,190 - INFO - 成功处理 wH36UKML4x: 124291 字符
2025-08-25 08:29:39,023 - INFO - 已提交任务 wZ5kEOCTce: 9fa38ecc-e9c9-4229-bcf3-4485923cbdac
2025-08-25 08:31:11,108 - INFO - 成功处理 wZ5kEOCTce: 86144 字符
2025-08-25 08:31:13,795 - INFO - 已提交任务 xtpY1kQmW9: 28ff1c97-f042-43ef-a48c-76ccb3d34ab9
2025-08-25 08:31:21,612 - WARNING - 状态查询异常 xtpY1kQmW9: HTTPSConnectionPool(host='mineru.net', port=443): Max retries exceeded with url: /api/v4/extract/task/28ff1c97-f042-43ef-a48c-76ccb3d34ab9 (Caused by SSLError(SSLEOFError(8, '[SSL: UNEXPECTED_EOF_WHILE_READING] EOF occurred in violation of protocol (_ssl.c:1007)')))
2025-08-25 08:32:30,654 - INFO - 成功处理 xtpY1kQmW9: 72067 字符
2025-08-25 08:32:33,478 - INFO - 已提交任务 yAKuSbIwR7: c5dc4371-1050-4775-b3e5-d921eeabc74d
2025-08-25 08:34:18,377 - INFO - 成功处理 yAKuSbIwR7: 141951 字符
2025-08-25 08:34:21,216 - INFO - 已提交任务 yaYJlpidX1: 287cc802-02c6-4234-ad0f-555f2e458361
2025-08-25 08:35:31,888 - INFO - 成功处理 yaYJlpidX1: 117964 字符
2025-08-25 08:35:34,901 - INFO - 已提交任务 yeFE8HCnZB: 8f8e5a3c-0bc4-4e29-87ae-85aafc83b359
2025-08-25 08:36:56,024 - INFO - 成功处理 yeFE8HCnZB: 52762 字符
2025-08-25 08:36:58,299 - INFO - 已提交任务 zDYXdR3ClP: c3ad2c08-13dc-4dda-8325-9b5f5631b2d8
2025-08-25 08:38:10,146 - INFO - 成功处理 zDYXdR3ClP: 79738 字符
2025-08-25 08:38:12,772 - INFO - 已提交任务 zFHJUSTZka: f3f3d559-9560-4b6a-aa7d-eb56ae2299af
2025-08-25 08:39:40,880 - INFO - 成功处理 zFHJUSTZka: 94364 字符
2025-08-25 08:39:43,607 - INFO - 已提交任务 zeNwOAcb4q: 38c15a89-507d-4f07-a0fd-8af0bf303dbc
2025-08-25 08:40:56,044 - INFO - 成功处理 zeNwOAcb4q: 66604 字符
2025-08-25 08:40:58,837 - INFO - 已提交任务 znBiAp5ISn: 711c606a-df40-478f-815f-48ee0ab3d106
2025-08-25 08:42:27,296 - INFO - 成功处理 znBiAp5ISn: 82100 字符
2025-08-25 08:42:30,216 - INFO - 已提交任务 zuWgB7GerW: 6f326138-3e97-4a5b-9a89-4ff7d5d5c19f
2025-08-25 08:44:32,316 - INFO - 成功处理 zuWgB7GerW: 159932 字符
